<?xml version="1.0" encoding="UTF-8"?>
<testsuite xmlns:xsi="http://www.w3.org/2001/XMLSchema-instance" xsi:noNamespaceSchemaLocation="https://maven.apache.org/surefire/maven-surefire-plugin/xsd/surefire-test-report.xsd" version="3.0.2" name="com.example.monitoring.MonitoringDemoApplicationTests" time="4.036" tests="4" errors="0" skipped="0" failures="0">
  <properties>
[...]
</properties>
  <testcase name="homeEndpointReturnsExpectedResponse" classname="com.example.monitoring.MonitoringDemoApplicationTests" time="0.663">
    <system-out><![CDATA[05:33:58.820 [main] INFO org.springframework.test.context.support.AnnotationConfigContextLoaderUtils -- Could not detect default configuration classes for test class [com.example.monitoring.MonitoringDemoApplicationTests]: MonitoringDemoApplicationTests does not declare any static, non-private, non-final, nested classes annotated with @Configuration.
05:33:58.933 [main] INFO org.springframework.boot.test.context.SpringBootTestContextBootstrapper -- Found @SpringBootConfiguration com.example.monitoring.MonitoringDemoApplication for test class com.example.monitoring.MonitoringDemoApplicationTests

  .   ____          _            __ _ _
 /\\ / ___'_ __ _ _(_)_ __  __ _ \ \ \ \
( ( )\___ | '_ | '_| | '_ \/ _` | \ \ \ \
 \\/  ___)| |_)| | | | | || (_| |  ) ) ) )
  '  |____| .__|_| |_|_| |_\__, | / / / /
 =========|_|==============|___/=/_/_/_/

 :: Spring Boot ::                (v3.5.7)

2025-11-17 05:33:59 - c.e.m.MonitoringDemoApplicationTests - INFO - Starting MonitoringDemoApplicationTests using Java 25.0.1 with PID 39376 (started by ssamadda in C:\Users\ssamadda\OneDrive - Microsoft\Documents\Work\SfMC\JavaBackendAppInsights)
2025-11-17 05:33:59 - c.e.m.MonitoringDemoApplicationTests - INFO - No active profile set, falling back to 1 default profile: "default"
2025-11-17 05:34:00 - o.s.b.w.e.tomcat.TomcatWebServer - INFO - Tomcat initialized with port 0 (http)
2025-11-17 05:34:00 - o.a.catalina.core.StandardService - INFO - Starting service [Tomcat]
2025-11-17 05:34:00 - o.a.catalina.core.StandardEngine - INFO - Starting Servlet engine: [Apache Tomcat/10.1.48]
2025-11-17 05:34:01 - o.a.c.c.C.[Tomcat].[localhost].[/] - INFO - Initializing Spring embedded WebApplicationContext
2025-11-17 05:34:01 - o.s.b.w.s.c.ServletWebServerApplicationContext - INFO - Root WebApplicationContext: initialization completed in 1345 ms
2025-11-17 05:34:01 - o.s.b.a.e.web.EndpointLinksResolver - INFO - Exposing 4 endpoints beneath base path '/actuator'
2025-11-17 05:34:01 - o.s.b.w.e.tomcat.TomcatWebServer - INFO - Tomcat started on port 57490 (http) with context path '/'
2025-11-17 05:34:01 - c.e.m.MonitoringDemoApplicationTests - INFO - Started MonitoringDemoApplicationTests in 2.413 seconds (process running for 3.547)
2025-11-17 05:34:02 - o.a.c.c.C.[Tomcat].[localhost].[/] - INFO - Initializing Spring DispatcherServlet 'dispatcherServlet'
2025-11-17 05:34:02 - o.s.web.servlet.DispatcherServlet - INFO - Initializing Servlet 'dispatcherServlet'
2025-11-17 05:34:02 - o.s.web.servlet.DispatcherServlet - INFO - Completed initialization in 0 ms
2025-11-17 05:34:02 - c.e.m.MonitoringDemoApplication - INFO - Home endpoint accessed
]]></system-out>
    <system-err><![CDATA[Mockito is currently self-attaching to enable the inline-mock-maker. This will no longer work in future releases of the JDK. Please add Mockito as an agent to your build as described in Mockito's documentation: https://javadoc.io/doc/org.mockito/mockito-core/latest/org.mockito/org/mockito/Mockito.html#0.3
WARNING: A Java agent has been loaded dynamically (C:\Users\ssamadda\.m2\repository\net\bytebuddy\byte-buddy-agent\1.17.8\byte-buddy-agent-1.17.8.jar)
WARNING: If a serviceability tool is in use, please run with -XX:+EnableDynamicAgentLoading to hide this warning
WARNING: If a serviceability tool is not in use, please run with -Djdk.instrument.traceUsage for more information
WARNING: Dynamic loading of agents will be disallowed by default in a future release
]]></system-err>
  </testcase>
  <testcase name="healthEndpointReturnsUp" classname="com.example.monitoring.MonitoringDemoApplicationTests" time="0.019"/>
  <testcase name="contextLoads" classname="com.example.monitoring.MonitoringDemoApplicationTests" time="0.004"/>
  <testcase name="userEndpointReturnsUserData" classname="com.example.monitoring.MonitoringDemoApplicationTests" time="0.155">
    <system-out><![CDATA[2025-11-17 05:34:02 - c.e.m.MonitoringDemoApplication - INFO - Getting user with ID: 123
2025-11-17 05:34:02 - c.e.m.MonitoringDemoApplication - INFO - Successfully retrieved user: 123
]]></system-out>
  </testcase>
</testsuite>